2024-11-05 00:00:56 - WebSocketSession[0 current WS(0)-HttpStream(0)-HttpPoll(0), 0 total, 0 closed abnormally (0 connect failure, 0 send limit, 0 transport error)], stompSubProtocol[processed CONNECT(0)-CONNECTED(0)-DISCONNECT(0)], stompBrokerRelay[null], inboundChannel[pool size = 0, active threads = 0, queued tasks = 0, completed tasks = 0], outboundChannel[pool size = 0, active threads = 0, queued tasks = 0, completed tasks = 0], sockJsScheduler[pool size = 1, active threads = 1, queued tasks = 0, completed tasks = 0]
2024-11-05 00:01:14 - Stopping...
2024-11-05 00:01:14 - BrokerAvailabilityEvent[available=false, SimpleBrokerMessageHandler [org.springframework.messaging.simp.broker.DefaultSubscriptionRegistry@3b4cce5a]]
2024-11-05 00:01:14 - Stopped.
2024-11-05 00:01:14 - Waiting for workers to finish.
2024-11-05 00:01:15 - Successfully waited for workers to finish.
2024-11-05 00:01:16 - Closing JPA EntityManagerFactory for persistence unit 'default'
2024-11-05 00:01:16 - HikariPool-1 - Shutdown initiated...
2024-11-05 00:01:16 - HikariPool-1 - Shutdown completed.
2024-11-05 00:01:22 - Starting ArticleApprovalApplication using Java 22.0.1 with PID 31162 (/Users/swanhtetaungphyo/IdeaProjects/Article_approval/target/classes started by swanhtetaungphyo in /Users/swanhtetaungphyo/IdeaProjects/Article_approval)
2024-11-05 00:01:22 - The following 1 profile is active: "dev"
2024-11-05 00:01:22 - Bootstrapping Spring Data JPA repositories in DEFAULT mode.
2024-11-05 00:01:22 - Finished Spring Data repository scanning in 35 ms. Found 2 JPA repository interfaces.
2024-11-05 00:01:23 - Tomcat initialized with port 8081 (http)
2024-11-05 00:01:23 - Starting service [Tomcat]
2024-11-05 00:01:23 - Starting Servlet engine: [Apache Tomcat/10.1.31]
2024-11-05 00:01:23 - Initializing Spring embedded WebApplicationContext
2024-11-05 00:01:23 - Root WebApplicationContext: initialization completed in 967 ms
2024-11-05 00:01:23 - HHH000204: Processing PersistenceUnitInfo [name: default]
2024-11-05 00:01:23 - HHH000412: Hibernate ORM core version 6.5.3.Final
2024-11-05 00:01:23 - HHH000026: Second-level cache disabled
2024-11-05 00:01:23 - No LoadTimeWeaver setup: ignoring JPA class transformer
2024-11-05 00:01:23 - HikariPool-1 - Starting...
2024-11-05 00:01:23 - HikariPool-1 - Added connection com.mysql.cj.jdbc.ConnectionImpl@1c8f71a7
2024-11-05 00:01:23 - HikariPool-1 - Start completed.
2024-11-05 00:01:23 - HHH90000025: MySQLDialect does not need to be specified explicitly using 'hibernate.dialect' (remove the property setting and it will be selected by default)
2024-11-05 00:01:24 - HHH000489: No JTA platform available (set 'hibernate.transaction.jta.platform' to enable JTA platform integration)
2024-11-05 00:01:24 - Initialized JPA EntityManagerFactory for persistence unit 'default'
2024-11-05 00:01:25 - spring.jpa.open-in-view is enabled by default. Therefore, database queries may be performed during view rendering. Explicitly configure spring.jpa.open-in-view to disable this warning
2024-11-05 00:01:25 - Tomcat started on port 8081 (http) with context path '/'
2024-11-05 00:01:25 - Starting...
2024-11-05 00:01:25 - BrokerAvailabilityEvent[available=true, SimpleBrokerMessageHandler [org.springframework.messaging.simp.broker.DefaultSubscriptionRegistry@2582e213]]
2024-11-05 00:01:25 - Started.
2024-11-05 00:01:25 - Attempting to connect to: [localhost:5672]
2024-11-05 00:01:25 - Created new connection: rabbitConnectionFactory#491f3fb0:0/SimpleConnection@57e9cd2 [delegate=amqp://myuser@127.0.0.1:5672/, localPort=56698]
2024-11-05 00:01:25 - Started ArticleApprovalApplication in 3.882 seconds (process running for 4.823)
2024-11-05 00:01:25 - Initializing Spring DispatcherServlet 'dispatcherServlet'
2024-11-05 00:01:25 - Initializing Servlet 'dispatcherServlet'
2024-11-05 00:01:25 - Completed initialization in 1 ms
2024-11-05 00:01:26 - Received invalid ArticleDto: com.swanhtetaungphyo.article_approval.dto.ArticleDto@1e50694e
2024-11-05 00:01:26 - UserId: null
2024-11-05 00:02:25 - WebSocketSession[0 current WS(0)-HttpStream(0)-HttpPoll(0), 0 total, 0 closed abnormally (0 connect failure, 0 send limit, 0 transport error)], stompSubProtocol[processed CONNECT(0)-CONNECTED(0)-DISCONNECT(0)], stompBrokerRelay[null], inboundChannel[pool size = 0, active threads = 0, queued tasks = 0, completed tasks = 0], outboundChannel[pool size = 0, active threads = 0, queued tasks = 0, completed tasks = 0], sockJsScheduler[pool size = 1, active threads = 1, queued tasks = 0, completed tasks = 0]
2024-11-05 00:03:52 - Stopping...
2024-11-05 00:03:52 - BrokerAvailabilityEvent[available=false, SimpleBrokerMessageHandler [org.springframework.messaging.simp.broker.DefaultSubscriptionRegistry@2582e213]]
2024-11-05 00:03:52 - Stopped.
2024-11-05 00:03:52 - Waiting for workers to finish.
2024-11-05 00:03:53 - Successfully waited for workers to finish.
2024-11-05 00:03:54 - Closing JPA EntityManagerFactory for persistence unit 'default'
2024-11-05 00:03:54 - HikariPool-1 - Shutdown initiated...
2024-11-05 00:03:54 - HikariPool-1 - Shutdown completed.
2024-11-05 00:03:59 - Starting ArticleApprovalApplication using Java 22.0.1 with PID 32834 (/Users/swanhtetaungphyo/IdeaProjects/Article_approval/target/classes started by swanhtetaungphyo in /Users/swanhtetaungphyo/IdeaProjects/Article_approval)
2024-11-05 00:03:59 - The following 1 profile is active: "dev"
2024-11-05 00:04:00 - Bootstrapping Spring Data JPA repositories in DEFAULT mode.
2024-11-05 00:04:00 - Finished Spring Data repository scanning in 30 ms. Found 2 JPA repository interfaces.
2024-11-05 00:04:00 - Tomcat initialized with port 8081 (http)
2024-11-05 00:04:00 - Starting service [Tomcat]
2024-11-05 00:04:00 - Starting Servlet engine: [Apache Tomcat/10.1.31]
2024-11-05 00:04:00 - Initializing Spring embedded WebApplicationContext
2024-11-05 00:04:00 - Root WebApplicationContext: initialization completed in 1061 ms
2024-11-05 00:04:00 - HHH000204: Processing PersistenceUnitInfo [name: default]
2024-11-05 00:04:00 - HHH000412: Hibernate ORM core version 6.5.3.Final
2024-11-05 00:04:00 - HHH000026: Second-level cache disabled
2024-11-05 00:04:01 - No LoadTimeWeaver setup: ignoring JPA class transformer
2024-11-05 00:04:01 - HikariPool-1 - Starting...
2024-11-05 00:04:01 - HikariPool-1 - Added connection com.mysql.cj.jdbc.ConnectionImpl@40a28bda
2024-11-05 00:04:01 - HikariPool-1 - Start completed.
2024-11-05 00:04:01 - HHH90000025: MySQLDialect does not need to be specified explicitly using 'hibernate.dialect' (remove the property setting and it will be selected by default)
2024-11-05 00:04:01 - HHH000489: No JTA platform available (set 'hibernate.transaction.jta.platform' to enable JTA platform integration)
2024-11-05 00:04:02 - Initialized JPA EntityManagerFactory for persistence unit 'default'
2024-11-05 00:04:02 - spring.jpa.open-in-view is enabled by default. Therefore, database queries may be performed during view rendering. Explicitly configure spring.jpa.open-in-view to disable this warning
2024-11-05 00:04:03 - Tomcat started on port 8081 (http) with context path '/'
2024-11-05 00:04:03 - Starting...
2024-11-05 00:04:03 - BrokerAvailabilityEvent[available=true, SimpleBrokerMessageHandler [org.springframework.messaging.simp.broker.DefaultSubscriptionRegistry@76dc9569]]
2024-11-05 00:04:03 - Started.
2024-11-05 00:04:03 - Attempting to connect to: [localhost:5672]
2024-11-05 00:04:03 - Created new connection: rabbitConnectionFactory#240e61:0/SimpleConnection@5eabcf77 [delegate=amqp://myuser@127.0.0.1:5672/, localPort=57360]
2024-11-05 00:04:03 - Started ArticleApprovalApplication in 3.872 seconds (process running for 4.551)
2024-11-05 00:04:03 - Initializing Spring DispatcherServlet 'dispatcherServlet'
2024-11-05 00:04:03 - Initializing Servlet 'dispatcherServlet'
2024-11-05 00:04:03 - Completed initialization in 1 ms
2024-11-05 00:04:03 - Received invalid ArticleDto: com.swanhtetaungphyo.article_approval.dto.ArticleDto@6d62598f
2024-11-05 00:04:03 - UserId: null
2024-11-05 00:05:03 - WebSocketSession[0 current WS(0)-HttpStream(0)-HttpPoll(0), 0 total, 0 closed abnormally (0 connect failure, 0 send limit, 0 transport error)], stompSubProtocol[processed CONNECT(0)-CONNECTED(0)-DISCONNECT(0)], stompBrokerRelay[null], inboundChannel[pool size = 0, active threads = 0, queued tasks = 0, completed tasks = 0], outboundChannel[pool size = 0, active threads = 0, queued tasks = 0, completed tasks = 0], sockJsScheduler[pool size = 1, active threads = 1, queued tasks = 0, completed tasks = 0]
2024-11-05 00:07:32 - Stopping...
2024-11-05 00:07:32 - BrokerAvailabilityEvent[available=false, SimpleBrokerMessageHandler [org.springframework.messaging.simp.broker.DefaultSubscriptionRegistry@76dc9569]]
2024-11-05 00:07:32 - Stopped.
2024-11-05 00:07:32 - Waiting for workers to finish.
2024-11-05 00:07:32 - Successfully waited for workers to finish.
2024-11-05 00:07:33 - Closing JPA EntityManagerFactory for persistence unit 'default'
2024-11-05 00:07:33 - HikariPool-1 - Shutdown initiated...
2024-11-05 00:07:33 - HikariPool-1 - Shutdown completed.
2024-11-05 00:07:40 - Starting ArticleApprovalApplication using Java 22.0.1 with PID 35169 (/Users/swanhtetaungphyo/IdeaProjects/Article_approval/target/classes started by swanhtetaungphyo in /Users/swanhtetaungphyo/IdeaProjects/Article_approval)
2024-11-05 00:07:40 - The following 1 profile is active: "dev"
2024-11-05 00:07:40 - Bootstrapping Spring Data JPA repositories in DEFAULT mode.
2024-11-05 00:07:40 - Finished Spring Data repository scanning in 29 ms. Found 2 JPA repository interfaces.
2024-11-05 00:07:41 - Tomcat initialized with port 8081 (http)
2024-11-05 00:07:41 - Starting service [Tomcat]
2024-11-05 00:07:41 - Starting Servlet engine: [Apache Tomcat/10.1.31]
2024-11-05 00:07:41 - Initializing Spring embedded WebApplicationContext
2024-11-05 00:07:41 - Root WebApplicationContext: initialization completed in 901 ms
2024-11-05 00:07:41 - HHH000204: Processing PersistenceUnitInfo [name: default]
2024-11-05 00:07:41 - HHH000412: Hibernate ORM core version 6.5.3.Final
2024-11-05 00:07:41 - HHH000026: Second-level cache disabled
2024-11-05 00:07:41 - No LoadTimeWeaver setup: ignoring JPA class transformer
2024-11-05 00:07:41 - HikariPool-1 - Starting...
2024-11-05 00:07:41 - HikariPool-1 - Added connection com.mysql.cj.jdbc.ConnectionImpl@40a28bda
2024-11-05 00:07:41 - HikariPool-1 - Start completed.
2024-11-05 00:07:41 - HHH90000025: MySQLDialect does not need to be specified explicitly using 'hibernate.dialect' (remove the property setting and it will be selected by default)
2024-11-05 00:07:42 - HHH000489: No JTA platform available (set 'hibernate.transaction.jta.platform' to enable JTA platform integration)
2024-11-05 00:07:42 - Initialized JPA EntityManagerFactory for persistence unit 'default'
2024-11-05 00:07:43 - spring.jpa.open-in-view is enabled by default. Therefore, database queries may be performed during view rendering. Explicitly configure spring.jpa.open-in-view to disable this warning
2024-11-05 00:07:43 - Tomcat started on port 8081 (http) with context path '/'
2024-11-05 00:07:43 - Starting...
2024-11-05 00:07:43 - BrokerAvailabilityEvent[available=true, SimpleBrokerMessageHandler [org.springframework.messaging.simp.broker.DefaultSubscriptionRegistry@3b4cce5a]]
2024-11-05 00:07:43 - Started.
2024-11-05 00:07:43 - Attempting to connect to: [localhost:5672]
2024-11-05 00:07:43 - Created new connection: rabbitConnectionFactory#365a4b9b:0/SimpleConnection@29f58b44 [delegate=amqp://myuser@127.0.0.1:5672/, localPort=58278]
2024-11-05 00:07:43 - Started ArticleApprovalApplication in 3.79 seconds (process running for 4.44)
2024-11-05 00:08:04 - Initializing Spring DispatcherServlet 'dispatcherServlet'
2024-11-05 00:08:04 - Initializing Servlet 'dispatcherServlet'
2024-11-05 00:08:04 - Completed initialization in 4 ms
2024-11-05 00:08:04 - Received ArticleDto: com.swanhtetaungphyo.article_approval.dto.ArticleDto@3db0e8c2 with userId: 1
2024-11-05 00:08:04 - Processing article: com.swanhtetaungphyo.article_approval.dto.ArticleDto@3db0e8c2
2024-11-05 00:08:04 - Sentence detection is completed
2024-11-05 00:08:04 - Tokenization is completed
2024-11-05 00:08:04 - Article processed with condition: com.swanhtetaungphyo.article_approval.utils.ArticleProcessResp@fe430e8
2024-11-05 00:08:04 - select u1_0.id,u1_0.email,u1_0.username from users u1_0 where u1_0.id=?
2024-11-05 00:08:05 - Failed to save article for user: 1. Exception: Validation failed for classes [com.swanhtetaungphyo.article_approval.models.Article] during persist time for groups [jakarta.validation.groups.Default, ]
List of constraint violations:[
	ConstraintViolationImpl{interpolatedMessage='size must be between 0 and 255', propertyPath=content, rootBeanClass=class com.swanhtetaungphyo.article_approval.models.Article, messageTemplate='{jakarta.validation.constraints.Size.message}'}
]
jakarta.validation.ConstraintViolationException: Validation failed for classes [com.swanhtetaungphyo.article_approval.models.Article] during persist time for groups [jakarta.validation.groups.Default, ]
List of constraint violations:[
	ConstraintViolationImpl{interpolatedMessage='size must be between 0 and 255', propertyPath=content, rootBeanClass=class com.swanhtetaungphyo.article_approval.models.Article, messageTemplate='{jakarta.validation.constraints.Size.message}'}
]
	at org.hibernate.boot.beanvalidation.BeanValidationEventListener.validate(BeanValidationEventListener.java:151)
	at org.hibernate.boot.beanvalidation.BeanValidationEventListener.onPreInsert(BeanValidationEventListener.java:81)
	at org.hibernate.action.internal.EntityIdentityInsertAction.preInsert(EntityIdentityInsertAction.java:201)
	at org.hibernate.action.internal.EntityIdentityInsertAction.execute(EntityIdentityInsertAction.java:79)
	at org.hibernate.engine.spi.ActionQueue.execute(ActionQueue.java:671)
	at org.hibernate.engine.spi.ActionQueue.addResolvedEntityInsertAction(ActionQueue.java:292)
	at org.hibernate.engine.spi.ActionQueue.addInsertAction(ActionQueue.java:273)
	at org.hibernate.engine.spi.ActionQueue.addAction(ActionQueue.java:323)
	at org.hibernate.event.internal.AbstractSaveEventListener.addInsertAction(AbstractSaveEventListener.java:391)
	at org.hibernate.event.internal.AbstractSaveEventListener.performSaveOrReplicate(AbstractSaveEventListener.java:305)
	at org.hibernate.event.internal.AbstractSaveEventListener.performSave(AbstractSaveEventListener.java:224)
	at org.hibernate.event.internal.AbstractSaveEventListener.saveWithGeneratedId(AbstractSaveEventListener.java:137)
	at org.hibernate.event.internal.DefaultPersistEventListener.entityIsTransient(DefaultPersistEventListener.java:175)
	at org.hibernate.event.internal.DefaultPersistEventListener.persist(DefaultPersistEventListener.java:93)
	at org.hibernate.event.internal.DefaultPersistEventListener.onPersist(DefaultPersistEventListener.java:77)
	at org.hibernate.event.internal.DefaultPersistEventListener.onPersist(DefaultPersistEventListener.java:54)
	at org.hibernate.event.service.internal.EventListenerGroupImpl.fireEventOnEachListener(EventListenerGroupImpl.java:127)
	at org.hibernate.internal.SessionImpl.firePersist(SessionImpl.java:757)
	at org.hibernate.internal.SessionImpl.persist(SessionImpl.java:741)
	at java.base/jdk.internal.reflect.DirectMethodHandleAccessor.invoke(DirectMethodHandleAccessor.java:103)
	at java.base/java.lang.reflect.Method.invoke(Method.java:580)
	at org.springframework.orm.jpa.SharedEntityManagerCreator$SharedEntityManagerInvocationHandler.invoke(SharedEntityManagerCreator.java:319)
	at jdk.proxy2/jdk.proxy2.$Proxy128.persist(Unknown Source)
	at org.springframework.data.jpa.repository.support.SimpleJpaRepository.save(SimpleJpaRepository.java:628)
	at java.base/jdk.internal.reflect.DirectMethodHandleAccessor.invoke(DirectMethodHandleAccessor.java:103)
	at java.base/java.lang.reflect.Method.invoke(Method.java:580)
	at org.springframework.aop.support.AopUtils.invokeJoinpointUsingReflection(AopUtils.java:355)
	at org.springframework.data.repository.core.support.RepositoryMethodInvoker$RepositoryFragmentMethodInvoker.lambda$new$0(RepositoryMethodInvoker.java:277)
	at org.springframework.data.repository.core.support.RepositoryMethodInvoker.doInvoke(RepositoryMethodInvoker.java:170)
	at org.springframework.data.repository.core.support.RepositoryMethodInvoker.invoke(RepositoryMethodInvoker.java:158)
	at org.springframework.data.repository.core.support.RepositoryComposition$RepositoryFragments.invoke(RepositoryComposition.java:516)
	at org.springframework.data.repository.core.support.RepositoryComposition.invoke(RepositoryComposition.java:285)
	at org.springframework.data.repository.core.support.RepositoryFactorySupport$ImplementationMethodExecutionInterceptor.invoke(RepositoryFactorySupport.java:628)
	at org.springframework.aop.framework.ReflectiveMethodInvocation.proceed(ReflectiveMethodInvocation.java:184)
	at org.springframework.data.repository.core.support.QueryExecutorMethodInterceptor.doInvoke(QueryExecutorMethodInterceptor.java:173)
	at org.springframework.data.repository.core.support.QueryExecutorMethodInterceptor.invoke(QueryExecutorMethodInterceptor.java:148)
	at org.springframework.aop.framework.ReflectiveMethodInvocation.proceed(ReflectiveMethodInvocation.java:184)
	at org.springframework.data.projection.DefaultMethodInvokingMethodInterceptor.invoke(DefaultMethodInvokingMethodInterceptor.java:70)
	at org.springframework.aop.framework.ReflectiveMethodInvocation.proceed(ReflectiveMethodInvocation.java:184)
	at org.springframework.transaction.interceptor.TransactionAspectSupport.invokeWithinTransaction(TransactionAspectSupport.java:379)
	at org.springframework.transaction.interceptor.TransactionInterceptor.invoke(TransactionInterceptor.java:119)
	at org.springframework.aop.framework.ReflectiveMethodInvocation.proceed(ReflectiveMethodInvocation.java:184)
	at org.springframework.dao.support.PersistenceExceptionTranslationInterceptor.invoke(PersistenceExceptionTranslationInterceptor.java:138)
	at org.springframework.aop.framework.ReflectiveMethodInvocation.proceed(ReflectiveMethodInvocation.java:184)
	at org.springframework.data.jpa.repository.support.CrudMethodMetadataPostProcessor$CrudMethodMetadataPopulatingMethodInterceptor.invoke(CrudMethodMetadataPostProcessor.java:165)
	at org.springframework.aop.framework.ReflectiveMethodInvocation.proceed(ReflectiveMethodInvocation.java:184)
	at org.springframework.aop.interceptor.ExposeInvocationInterceptor.invoke(ExposeInvocationInterceptor.java:97)
	at org.springframework.aop.framework.ReflectiveMethodInvocation.proceed(ReflectiveMethodInvocation.java:184)
	at org.springframework.aop.framework.JdkDynamicAopProxy.invoke(JdkDynamicAopProxy.java:223)
	at jdk.proxy2/jdk.proxy2.$Proxy131.save(Unknown Source)
	at com.swanhtetaungphyo.article_approval.services.ArticleServiceImpl.lambda$CreateArticle$0(ArticleServiceImpl.java:68)
	at java.base/java.util.Optional.ifPresentOrElse(Optional.java:196)
	at com.swanhtetaungphyo.article_approval.services.ArticleServiceImpl.CreateArticle(ArticleServiceImpl.java:64)
	at java.base/jdk.internal.reflect.DirectMethodHandleAccessor.invoke(DirectMethodHandleAccessor.java:103)
	at java.base/java.lang.reflect.Method.invoke(Method.java:580)
	at org.springframework.messaging.handler.invocation.InvocableHandlerMethod.doInvoke(InvocableHandlerMethod.java:169)
	at org.springframework.amqp.rabbit.listener.adapter.KotlinAwareInvocableHandlerMethod.doInvoke(KotlinAwareInvocableHandlerMethod.java:45)
	at org.springframework.messaging.handler.invocation.InvocableHandlerMethod.invoke(InvocableHandlerMethod.java:119)
	at org.springframework.amqp.rabbit.listener.adapter.HandlerAdapter.invoke(HandlerAdapter.java:75)
	at org.springframework.amqp.rabbit.listener.adapter.MessagingMessageListenerAdapter.invokeHandler(MessagingMessageListenerAdapter.java:278)
	at org.springframework.amqp.rabbit.listener.adapter.MessagingMessageListenerAdapter.invokeHandlerAndProcessResult(MessagingMessageListenerAdapter.java:225)
	at org.springframework.amqp.rabbit.listener.adapter.MessagingMessageListenerAdapter.onMessage(MessagingMessageListenerAdapter.java:149)
	at org.springframework.amqp.rabbit.listener.AbstractMessageListenerContainer.doInvokeListener(AbstractMessageListenerContainer.java:1682)
	at org.springframework.amqp.rabbit.listener.AbstractMessageListenerContainer.actualInvokeListener(AbstractMessageListenerContainer.java:1604)
	at org.springframework.amqp.rabbit.listener.AbstractMessageListenerContainer.invokeListener(AbstractMessageListenerContainer.java:1592)
	at org.springframework.amqp.rabbit.listener.AbstractMessageListenerContainer.doExecuteListener(AbstractMessageListenerContainer.java:1583)
	at org.springframework.amqp.rabbit.listener.AbstractMessageListenerContainer.executeListenerAndHandleException(AbstractMessageListenerContainer.java:1528)
	at org.springframework.amqp.rabbit.listener.AbstractMessageListenerContainer.lambda$executeListener$8(AbstractMessageListenerContainer.java:1506)
	at io.micrometer.observation.Observation.observe(Observation.java:499)
	at org.springframework.amqp.rabbit.listener.AbstractMessageListenerContainer.executeListener(AbstractMessageListenerContainer.java:1506)
	at org.springframework.amqp.rabbit.listener.SimpleMessageListenerContainer.doReceiveAndExecute(SimpleMessageListenerContainer.java:1082)
	at org.springframework.amqp.rabbit.listener.SimpleMessageListenerContainer.receiveAndExecute(SimpleMessageListenerContainer.java:1018)
	at org.springframework.amqp.rabbit.listener.SimpleMessageListenerContainer$AsyncMessageProcessingConsumer.mainLoop(SimpleMessageListenerContainer.java:1421)
	at org.springframework.amqp.rabbit.listener.SimpleMessageListenerContainer$AsyncMessageProcessingConsumer.run(SimpleMessageListenerContainer.java:1322)
	at java.base/java.lang.Thread.run(Thread.java:1570)
2024-11-05 00:08:05 - Sent article status to WebSocket: com.swanhtetaungphyo.article_approval.utils.ArticleProcessResp@fe430e8
2024-11-05 00:08:43 - WebSocketSession[1 current WS(1)-HttpStream(0)-HttpPoll(0), 2 total, 0 closed abnormally (0 connect failure, 0 send limit, 0 transport error)], stompSubProtocol[processed CONNECT(2)-CONNECTED(2)-DISCONNECT(0)], stompBrokerRelay[null], inboundChannel[pool size = 15, active threads = 0, queued tasks = 0, completed tasks = 15], outboundChannel[pool size = 3, active threads = 0, queued tasks = 0, completed tasks = 3], sockJsScheduler[pool size = 8, active threads = 1, queued tasks = 2, completed tasks = 4]
2024-11-05 00:09:02 - Stopping...
2024-11-05 00:09:02 - BrokerAvailabilityEvent[available=false, SimpleBrokerMessageHandler [org.springframework.messaging.simp.broker.DefaultSubscriptionRegistry@3b4cce5a]]
2024-11-05 00:09:02 - Stopped.
2024-11-05 00:09:02 - Waiting for workers to finish.
2024-11-05 00:09:02 - Successfully waited for workers to finish.
2024-11-05 00:09:03 - Closing JPA EntityManagerFactory for persistence unit 'default'
2024-11-05 00:09:03 - HikariPool-1 - Shutdown initiated...
2024-11-05 00:09:03 - HikariPool-1 - Shutdown completed.
2024-11-05 00:09:09 - Starting ArticleApprovalApplication using Java 22.0.1 with PID 36188 (/Users/swanhtetaungphyo/IdeaProjects/Article_approval/target/classes started by swanhtetaungphyo in /Users/swanhtetaungphyo/IdeaProjects/Article_approval)
2024-11-05 00:09:09 - The following 1 profile is active: "dev"
2024-11-05 00:09:09 - Bootstrapping Spring Data JPA repositories in DEFAULT mode.
2024-11-05 00:09:09 - Finished Spring Data repository scanning in 29 ms. Found 2 JPA repository interfaces.
2024-11-05 00:09:10 - Tomcat initialized with port 8081 (http)
2024-11-05 00:09:10 - Starting service [Tomcat]
2024-11-05 00:09:10 - Starting Servlet engine: [Apache Tomcat/10.1.31]
2024-11-05 00:09:10 - Initializing Spring embedded WebApplicationContext
2024-11-05 00:09:10 - Root WebApplicationContext: initialization completed in 965 ms
2024-11-05 00:09:10 - HHH000204: Processing PersistenceUnitInfo [name: default]
2024-11-05 00:09:10 - HHH000412: Hibernate ORM core version 6.5.3.Final
2024-11-05 00:09:10 - HHH000026: Second-level cache disabled
2024-11-05 00:09:10 - No LoadTimeWeaver setup: ignoring JPA class transformer
2024-11-05 00:09:10 - HikariPool-1 - Starting...
2024-11-05 00:09:10 - HikariPool-1 - Added connection com.mysql.cj.jdbc.ConnectionImpl@1e6cb932
2024-11-05 00:09:10 - HikariPool-1 - Start completed.
2024-11-05 00:09:10 - HHH90000025: MySQLDialect does not need to be specified explicitly using 'hibernate.dialect' (remove the property setting and it will be selected by default)
2024-11-05 00:09:11 - HHH000489: No JTA platform available (set 'hibernate.transaction.jta.platform' to enable JTA platform integration)
2024-11-05 00:09:11 - Initialized JPA EntityManagerFactory for persistence unit 'default'
2024-11-05 00:09:11 - spring.jpa.open-in-view is enabled by default. Therefore, database queries may be performed during view rendering. Explicitly configure spring.jpa.open-in-view to disable this warning
2024-11-05 00:09:12 - Tomcat started on port 8081 (http) with context path '/'
2024-11-05 00:09:12 - Starting...
2024-11-05 00:09:12 - BrokerAvailabilityEvent[available=true, SimpleBrokerMessageHandler [org.springframework.messaging.simp.broker.DefaultSubscriptionRegistry@5bbaaf17]]
2024-11-05 00:09:12 - Started.
2024-11-05 00:09:12 - Attempting to connect to: [localhost:5672]
2024-11-05 00:09:12 - Created new connection: rabbitConnectionFactory#365a4b9b:0/SimpleConnection@7bd6c35e [delegate=amqp://myuser@127.0.0.1:5672/, localPort=58665]
2024-11-05 00:09:12 - Started ArticleApprovalApplication in 3.73 seconds (process running for 4.29)
2024-11-05 00:09:19 - Initializing Spring DispatcherServlet 'dispatcherServlet'
2024-11-05 00:09:19 - Initializing Servlet 'dispatcherServlet'
2024-11-05 00:09:19 - Completed initialization in 2 ms
2024-11-05 00:09:20 - Received ArticleDto: com.swanhtetaungphyo.article_approval.dto.ArticleDto@7a128d03 with userId: 1
2024-11-05 00:09:20 - Processing article: com.swanhtetaungphyo.article_approval.dto.ArticleDto@7a128d03
2024-11-05 00:09:20 - Sentence detection is completed
2024-11-05 00:09:20 - Tokenization is completed
2024-11-05 00:09:20 - Article processed with condition: com.swanhtetaungphyo.article_approval.utils.ArticleProcessResp@2950445d
2024-11-05 00:09:20 - Sent article status to WebSocket: com.swanhtetaungphyo.article_approval.utils.ArticleProcessResp@2950445d
2024-11-05 00:10:12 - WebSocketSession[1 current WS(1)-HttpStream(0)-HttpPoll(0), 2 total, 0 closed abnormally (0 connect failure, 0 send limit, 0 transport error)], stompSubProtocol[processed CONNECT(2)-CONNECTED(2)-DISCONNECT(0)], stompBrokerRelay[null], inboundChannel[pool size = 15, active threads = 0, queued tasks = 0, completed tasks = 15], outboundChannel[pool size = 3, active threads = 0, queued tasks = 0, completed tasks = 3], sockJsScheduler[pool size = 8, active threads = 1, queued tasks = 2, completed tasks = 9]
2024-11-05 00:13:37 - Stopping...
2024-11-05 00:13:37 - BrokerAvailabilityEvent[available=false, SimpleBrokerMessageHandler [org.springframework.messaging.simp.broker.DefaultSubscriptionRegistry@5bbaaf17]]
2024-11-05 00:13:37 - Stopped.
2024-11-05 00:13:37 - Waiting for workers to finish.
2024-11-05 00:13:38 - Successfully waited for workers to finish.
2024-11-05 00:13:39 - Closing JPA EntityManagerFactory for persistence unit 'default'
2024-11-05 00:13:39 - HikariPool-1 - Shutdown initiated...
2024-11-05 00:13:39 - HikariPool-1 - Shutdown completed.
2024-11-05 00:13:45 - Starting ArticleApprovalApplication using Java 22.0.1 with PID 39088 (/Users/swanhtetaungphyo/IdeaProjects/Article_approval/target/classes started by swanhtetaungphyo in /Users/swanhtetaungphyo/IdeaProjects/Article_approval)
2024-11-05 00:13:45 - The following 1 profile is active: "dev"
2024-11-05 00:13:45 - Bootstrapping Spring Data JPA repositories in DEFAULT mode.
2024-11-05 00:13:45 - Finished Spring Data repository scanning in 37 ms. Found 2 JPA repository interfaces.
2024-11-05 00:13:46 - Tomcat initialized with port 8081 (http)
2024-11-05 00:13:46 - Starting service [Tomcat]
2024-11-05 00:13:46 - Starting Servlet engine: [Apache Tomcat/10.1.31]
2024-11-05 00:13:46 - Initializing Spring embedded WebApplicationContext
2024-11-05 00:13:46 - Root WebApplicationContext: initialization completed in 1089 ms
2024-11-05 00:13:46 - HHH000204: Processing PersistenceUnitInfo [name: default]
2024-11-05 00:13:46 - HHH000412: Hibernate ORM core version 6.5.3.Final
2024-11-05 00:13:46 - HHH000026: Second-level cache disabled
2024-11-05 00:13:46 - No LoadTimeWeaver setup: ignoring JPA class transformer
2024-11-05 00:13:46 - HikariPool-1 - Starting...
2024-11-05 00:13:47 - HikariPool-1 - Added connection com.mysql.cj.jdbc.ConnectionImpl@40a28bda
2024-11-05 00:13:47 - HikariPool-1 - Start completed.
2024-11-05 00:13:47 - HHH90000025: MySQLDialect does not need to be specified explicitly using 'hibernate.dialect' (remove the property setting and it will be selected by default)
2024-11-05 00:13:47 - HHH000489: No JTA platform available (set 'hibernate.transaction.jta.platform' to enable JTA platform integration)
2024-11-05 00:13:47 - Initialized JPA EntityManagerFactory for persistence unit 'default'
2024-11-05 00:13:48 - spring.jpa.open-in-view is enabled by default. Therefore, database queries may be performed during view rendering. Explicitly configure spring.jpa.open-in-view to disable this warning
2024-11-05 00:13:48 - Tomcat started on port 8081 (http) with context path '/'
2024-11-05 00:13:48 - Starting...
2024-11-05 00:13:48 - BrokerAvailabilityEvent[available=true, SimpleBrokerMessageHandler [org.springframework.messaging.simp.broker.DefaultSubscriptionRegistry@58178b69]]
2024-11-05 00:13:48 - Started.
2024-11-05 00:13:48 - Attempting to connect to: [localhost:5672]
2024-11-05 00:13:48 - Created new connection: rabbitConnectionFactory#365a4b9b:0/SimpleConnection@fcee97c [delegate=amqp://myuser@127.0.0.1:5672/, localPort=59847]
2024-11-05 00:13:49 - Started ArticleApprovalApplication in 4.17 seconds (process running for 5.036)
2024-11-05 00:13:56 - Initializing Spring DispatcherServlet 'dispatcherServlet'
2024-11-05 00:13:56 - Initializing Servlet 'dispatcherServlet'
2024-11-05 00:13:56 - Completed initialization in 4 ms
2024-11-05 00:13:56 - Received ArticleDto: com.swanhtetaungphyo.article_approval.dto.ArticleDto@622f2738 with userId: 1
2024-11-05 00:13:56 - Processing article: com.swanhtetaungphyo.article_approval.dto.ArticleDto@622f2738
2024-11-05 00:13:56 - Sentence detection is completed
2024-11-05 00:13:56 - Tokenization is completed
2024-11-05 00:13:56 - Article processed with condition: com.swanhtetaungphyo.article_approval.utils.ArticleProcessResp@317c5cde
2024-11-05 00:13:56 - Sent article status to WebSocket: com.swanhtetaungphyo.article_approval.utils.ArticleProcessResp@317c5cde
2024-11-05 00:14:00 - Servlet.service() for servlet [dispatcherServlet] in context with path [] threw exception [Request processing failed: java.lang.IllegalArgumentException: When allowCredentials is true, allowedOrigins cannot contain the special value "*" since that cannot be set on the "Access-Control-Allow-Origin" response header. To allow credentials to a set of origins, list them explicitly or consider using "allowedOriginPatterns" instead.] with root cause
java.lang.IllegalArgumentException: When allowCredentials is true, allowedOrigins cannot contain the special value "*" since that cannot be set on the "Access-Control-Allow-Origin" response header. To allow credentials to a set of origins, list them explicitly or consider using "allowedOriginPatterns" instead.
	at org.springframework.web.cors.CorsConfiguration.validateAllowCredentials(CorsConfiguration.java:574)
	at org.springframework.web.servlet.handler.AbstractHandlerMapping.getHandler(AbstractHandlerMapping.java:542)
	at org.springframework.web.servlet.DispatcherServlet.getHandler(DispatcherServlet.java:1284)
	at org.springframework.web.servlet.DispatcherServlet.doDispatch(DispatcherServlet.java:1065)
	at org.springframework.web.servlet.DispatcherServlet.doService(DispatcherServlet.java:979)
	at org.springframework.web.servlet.FrameworkServlet.processRequest(FrameworkServlet.java:1014)
	at org.springframework.web.servlet.FrameworkServlet.doGet(FrameworkServlet.java:903)
	at jakarta.servlet.http.HttpServlet.service(HttpServlet.java:564)
	at org.springframework.web.servlet.FrameworkServlet.service(FrameworkServlet.java:885)
	at jakarta.servlet.http.HttpServlet.service(HttpServlet.java:658)
	at org.apache.catalina.core.ApplicationFilterChain.internalDoFilter(ApplicationFilterChain.java:195)
	at org.apache.catalina.core.ApplicationFilterChain.doFilter(ApplicationFilterChain.java:140)
	at org.apache.tomcat.websocket.server.WsFilter.doFilter(WsFilter.java:51)
	at org.apache.catalina.core.ApplicationFilterChain.internalDoFilter(ApplicationFilterChain.java:164)
	at org.apache.catalina.core.ApplicationFilterChain.doFilter(ApplicationFilterChain.java:140)
	at org.springframework.web.filter.RequestContextFilter.doFilterInternal(RequestContextFilter.java:100)
	at org.springframework.web.filter.OncePerRequestFilter.doFilter(OncePerRequestFilter.java:116)
	at org.apache.catalina.core.ApplicationFilterChain.internalDoFilter(ApplicationFilterChain.java:164)
	at org.apache.catalina.core.ApplicationFilterChain.doFilter(ApplicationFilterChain.java:140)
	at org.springframework.web.filter.FormContentFilter.doFilterInternal(FormContentFilter.java:93)
	at org.springframework.web.filter.OncePerRequestFilter.doFilter(OncePerRequestFilter.java:116)
	at org.apache.catalina.core.ApplicationFilterChain.internalDoFilter(ApplicationFilterChain.java:164)
	at org.apache.catalina.core.ApplicationFilterChain.doFilter(ApplicationFilterChain.java:140)
	at org.springframework.web.filter.CharacterEncodingFilter.doFilterInternal(CharacterEncodingFilter.java:201)
	at org.springframework.web.filter.OncePerRequestFilter.doFilter(OncePerRequestFilter.java:116)
	at org.apache.catalina.core.ApplicationFilterChain.internalDoFilter(ApplicationFilterChain.java:164)
	at org.apache.catalina.core.ApplicationFilterChain.doFilter(ApplicationFilterChain.java:140)
	at org.apache.catalina.core.StandardWrapperValve.invoke(StandardWrapperValve.java:167)
	at org.apache.catalina.core.StandardContextValve.invoke(StandardContextValve.java:90)
	at org.apache.catalina.authenticator.AuthenticatorBase.invoke(AuthenticatorBase.java:483)
	at org.apache.catalina.core.StandardHostValve.invoke(StandardHostValve.java:115)
	at org.apache.catalina.valves.ErrorReportValve.invoke(ErrorReportValve.java:93)
	at org.apache.catalina.core.StandardEngineValve.invoke(StandardEngineValve.java:74)
	at org.apache.catalina.connector.CoyoteAdapter.service(CoyoteAdapter.java:344)
	at org.apache.coyote.http11.Http11Processor.service(Http11Processor.java:384)
	at org.apache.coyote.AbstractProcessorLight.process(AbstractProcessorLight.java:63)
	at org.apache.coyote.AbstractProtocol$ConnectionHandler.process(AbstractProtocol.java:905)
	at org.apache.tomcat.util.net.NioEndpoint$SocketProcessor.doRun(NioEndpoint.java:1741)
	at org.apache.tomcat.util.net.SocketProcessorBase.run(SocketProcessorBase.java:52)
	at org.apache.tomcat.util.threads.ThreadPoolExecutor.runWorker(ThreadPoolExecutor.java:1190)
	at org.apache.tomcat.util.threads.ThreadPoolExecutor$Worker.run(ThreadPoolExecutor.java:659)
	at org.apache.tomcat.util.threads.TaskThread$WrappingRunnable.run(TaskThread.java:63)
	at java.base/java.lang.Thread.run(Thread.java:1570)
2024-11-05 00:14:35 - Stopping...
2024-11-05 00:14:35 - BrokerAvailabilityEvent[available=false, SimpleBrokerMessageHandler [org.springframework.messaging.simp.broker.DefaultSubscriptionRegistry@58178b69]]
2024-11-05 00:14:35 - Stopped.
2024-11-05 00:14:35 - Waiting for workers to finish.
2024-11-05 00:14:36 - Successfully waited for workers to finish.
2024-11-05 00:14:37 - Closing JPA EntityManagerFactory for persistence unit 'default'
2024-11-05 00:14:37 - HikariPool-1 - Shutdown initiated...
2024-11-05 00:14:37 - HikariPool-1 - Shutdown completed.
2024-11-05 00:14:42 - Starting ArticleApprovalApplication using Java 22.0.1 with PID 39765 (/Users/swanhtetaungphyo/IdeaProjects/Article_approval/target/classes started by swanhtetaungphyo in /Users/swanhtetaungphyo/IdeaProjects/Article_approval)
2024-11-05 00:14:42 - The following 1 profile is active: "dev"
2024-11-05 00:14:42 - Bootstrapping Spring Data JPA repositories in DEFAULT mode.
2024-11-05 00:14:42 - Finished Spring Data repository scanning in 30 ms. Found 2 JPA repository interfaces.
2024-11-05 00:14:42 - Tomcat initialized with port 8081 (http)
2024-11-05 00:14:42 - Starting service [Tomcat]
2024-11-05 00:14:42 - Starting Servlet engine: [Apache Tomcat/10.1.31]
2024-11-05 00:14:43 - Initializing Spring embedded WebApplicationContext
2024-11-05 00:14:43 - Root WebApplicationContext: initialization completed in 894 ms
2024-11-05 00:14:43 - HHH000204: Processing PersistenceUnitInfo [name: default]
2024-11-05 00:14:43 - HHH000412: Hibernate ORM core version 6.5.3.Final
2024-11-05 00:14:43 - HHH000026: Second-level cache disabled
2024-11-05 00:14:43 - No LoadTimeWeaver setup: ignoring JPA class transformer
2024-11-05 00:14:43 - HikariPool-1 - Starting...
2024-11-05 00:14:43 - HikariPool-1 - Added connection com.mysql.cj.jdbc.ConnectionImpl@592cb470
2024-11-05 00:14:43 - HikariPool-1 - Start completed.
2024-11-05 00:14:43 - HHH90000025: MySQLDialect does not need to be specified explicitly using 'hibernate.dialect' (remove the property setting and it will be selected by default)
2024-11-05 00:14:44 - HHH000489: No JTA platform available (set 'hibernate.transaction.jta.platform' to enable JTA platform integration)
2024-11-05 00:14:44 - Initialized JPA EntityManagerFactory for persistence unit 'default'
2024-11-05 00:14:44 - spring.jpa.open-in-view is enabled by default. Therefore, database queries may be performed during view rendering. Explicitly configure spring.jpa.open-in-view to disable this warning
2024-11-05 00:14:45 - Tomcat started on port 8081 (http) with context path '/'
2024-11-05 00:14:45 - Starting...
2024-11-05 00:14:45 - BrokerAvailabilityEvent[available=true, SimpleBrokerMessageHandler [org.springframework.messaging.simp.broker.DefaultSubscriptionRegistry@56a63c28]]
2024-11-05 00:14:45 - Started.
2024-11-05 00:14:45 - Attempting to connect to: [localhost:5672]
2024-11-05 00:14:45 - Created new connection: rabbitConnectionFactory#2027d56f:0/SimpleConnection@642693c2 [delegate=amqp://myuser@127.0.0.1:5672/, localPort=60093]
2024-11-05 00:14:45 - Started ArticleApprovalApplication in 3.644 seconds (process running for 4.151)
2024-11-05 00:14:49 - Initializing Spring DispatcherServlet 'dispatcherServlet'
2024-11-05 00:14:49 - Initializing Servlet 'dispatcherServlet'
2024-11-05 00:14:49 - Completed initialization in 4 ms
2024-11-05 00:15:45 - WebSocketSession[0 current WS(0)-HttpStream(0)-HttpPoll(0), 1 total, 0 closed abnormally (0 connect failure, 0 send limit, 0 transport error)], stompSubProtocol[processed CONNECT(0)-CONNECTED(0)-DISCONNECT(0)], stompBrokerRelay[null], inboundChannel[pool size = 3, active threads = 0, queued tasks = 0, completed tasks = 3], outboundChannel[pool size = 1, active threads = 0, queued tasks = 0, completed tasks = 1], sockJsScheduler[pool size = 1, active threads = 1, queued tasks = 0, completed tasks = 0]
2024-11-05 00:21:24 - Stopping...
2024-11-05 00:21:24 - BrokerAvailabilityEvent[available=false, SimpleBrokerMessageHandler [org.springframework.messaging.simp.broker.DefaultSubscriptionRegistry@56a63c28]]
2024-11-05 00:21:24 - Stopped.
2024-11-05 00:21:24 - Waiting for workers to finish.
2024-11-05 00:21:24 - Successfully waited for workers to finish.
2024-11-05 00:21:25 - Closing JPA EntityManagerFactory for persistence unit 'default'
2024-11-05 00:21:25 - HikariPool-1 - Shutdown initiated...
2024-11-05 00:21:25 - HikariPool-1 - Shutdown completed.
2024-11-05 00:21:29 - Starting ArticleApprovalApplication using Java 22.0.1 with PID 44087 (/Users/swanhtetaungphyo/IdeaProjects/Article_approval/target/classes started by swanhtetaungphyo in /Users/swanhtetaungphyo/IdeaProjects/Article_approval)
2024-11-05 00:21:29 - The following 1 profile is active: "dev"
2024-11-05 00:21:30 - Bootstrapping Spring Data JPA repositories in DEFAULT mode.
2024-11-05 00:21:30 - Finished Spring Data repository scanning in 30 ms. Found 2 JPA repository interfaces.
2024-11-05 00:21:30 - Tomcat initialized with port 8081 (http)
2024-11-05 00:21:30 - Starting service [Tomcat]
2024-11-05 00:21:30 - Starting Servlet engine: [Apache Tomcat/10.1.31]
2024-11-05 00:21:30 - Initializing Spring embedded WebApplicationContext
2024-11-05 00:21:30 - Root WebApplicationContext: initialization completed in 997 ms
2024-11-05 00:21:30 - HHH000204: Processing PersistenceUnitInfo [name: default]
2024-11-05 00:21:30 - HHH000412: Hibernate ORM core version 6.5.3.Final
2024-11-05 00:21:30 - HHH000026: Second-level cache disabled
2024-11-05 00:21:30 - No LoadTimeWeaver setup: ignoring JPA class transformer
2024-11-05 00:21:30 - HikariPool-1 - Starting...
2024-11-05 00:21:31 - HikariPool-1 - Added connection com.mysql.cj.jdbc.ConnectionImpl@592cb470
2024-11-05 00:21:31 - HikariPool-1 - Start completed.
2024-11-05 00:21:31 - HHH90000025: MySQLDialect does not need to be specified explicitly using 'hibernate.dialect' (remove the property setting and it will be selected by default)
2024-11-05 00:21:31 - HHH000489: No JTA platform available (set 'hibernate.transaction.jta.platform' to enable JTA platform integration)
2024-11-05 00:21:31 - Initialized JPA EntityManagerFactory for persistence unit 'default'
2024-11-05 00:21:32 - spring.jpa.open-in-view is enabled by default. Therefore, database queries may be performed during view rendering. Explicitly configure spring.jpa.open-in-view to disable this warning
2024-11-05 00:21:32 - Tomcat started on port 8081 (http) with context path '/'
2024-11-05 00:21:32 - Starting...
2024-11-05 00:21:32 - BrokerAvailabilityEvent[available=true, SimpleBrokerMessageHandler [org.springframework.messaging.simp.broker.DefaultSubscriptionRegistry@56a63c28]]
2024-11-05 00:21:32 - Started.
2024-11-05 00:21:32 - Attempting to connect to: [localhost:5672]
2024-11-05 00:21:32 - Created new connection: rabbitConnectionFactory#2027d56f:0/SimpleConnection@642693c2 [delegate=amqp://myuser@127.0.0.1:5672/, localPort=61807]
2024-11-05 00:21:32 - Started ArticleApprovalApplication in 3.876 seconds (process running for 4.806)
2024-11-05 00:21:36 - Initializing Spring DispatcherServlet 'dispatcherServlet'
2024-11-05 00:21:36 - Initializing Servlet 'dispatcherServlet'
2024-11-05 00:21:36 - Completed initialization in 2 ms
2024-11-05 00:21:52 - Received ArticleDto: com.swanhtetaungphyo.article_approval.dto.ArticleDto@789c25f9 with userId: 1
2024-11-05 00:21:52 - Processing article: com.swanhtetaungphyo.article_approval.dto.ArticleDto@789c25f9
2024-11-05 00:21:52 - Sentence detection is completed
2024-11-05 00:21:53 - Tokenization is completed
2024-11-05 00:21:53 - Article processed with condition: com.swanhtetaungphyo.article_approval.utils.ArticleProcessResp@3b90f4e9
2024-11-05 00:21:53 - Sent article status to WebSocket: com.swanhtetaungphyo.article_approval.utils.ArticleProcessResp@3b90f4e9
2024-11-05 00:22:32 - WebSocketSession[0 current WS(0)-HttpStream(0)-HttpPoll(0), 0 total, 0 closed abnormally (0 connect failure, 0 send limit, 0 transport error)], stompSubProtocol[processed CONNECT(0)-CONNECTED(0)-DISCONNECT(0)], stompBrokerRelay[null], inboundChannel[pool size = 0, active threads = 0, queued tasks = 0, completed tasks = 0], outboundChannel[pool size = 0, active threads = 0, queued tasks = 0, completed tasks = 0], sockJsScheduler[pool size = 1, active threads = 1, queued tasks = 0, completed tasks = 0]
2024-11-05 00:27:11 - Received ArticleDto: com.swanhtetaungphyo.article_approval.dto.ArticleDto@dd479cb with userId: 1
2024-11-05 00:27:11 - Processing article: com.swanhtetaungphyo.article_approval.dto.ArticleDto@dd479cb
2024-11-05 00:27:11 - Sentence detection is completed
2024-11-05 00:27:11 - Tokenization is completed
2024-11-05 00:27:11 - Article processed with condition: com.swanhtetaungphyo.article_approval.utils.ArticleProcessResp@75cc660b
2024-11-05 00:27:11 - Sent article status to WebSocket: com.swanhtetaungphyo.article_approval.utils.ArticleProcessResp@75cc660b
2024-11-05 00:28:31 - Stopping...
2024-11-05 00:28:31 - BrokerAvailabilityEvent[available=false, SimpleBrokerMessageHandler [org.springframework.messaging.simp.broker.DefaultSubscriptionRegistry@56a63c28]]
2024-11-05 00:28:31 - Stopped.
2024-11-05 00:28:31 - Waiting for workers to finish.
2024-11-05 00:28:32 - Successfully waited for workers to finish.
2024-11-05 00:28:33 - Closing JPA EntityManagerFactory for persistence unit 'default'
2024-11-05 00:28:33 - HikariPool-1 - Shutdown initiated...
2024-11-05 00:28:33 - HikariPool-1 - Shutdown completed.
2024-11-05 00:28:37 - Starting ArticleApprovalApplication using Java 22.0.1 with PID 48628 (/Users/swanhtetaungphyo/IdeaProjects/Article_approval/target/classes started by swanhtetaungphyo in /Users/swanhtetaungphyo/IdeaProjects/Article_approval)
2024-11-05 00:28:37 - The following 1 profile is active: "dev"
2024-11-05 00:28:38 - Bootstrapping Spring Data JPA repositories in DEFAULT mode.
2024-11-05 00:28:38 - Finished Spring Data repository scanning in 30 ms. Found 2 JPA repository interfaces.
2024-11-05 00:28:38 - Tomcat initialized with port 8081 (http)
2024-11-05 00:28:38 - Starting service [Tomcat]
2024-11-05 00:28:38 - Starting Servlet engine: [Apache Tomcat/10.1.31]
2024-11-05 00:28:38 - Initializing Spring embedded WebApplicationContext
2024-11-05 00:28:38 - Root WebApplicationContext: initialization completed in 986 ms
2024-11-05 00:28:38 - HHH000204: Processing PersistenceUnitInfo [name: default]
2024-11-05 00:28:39 - HHH000412: Hibernate ORM core version 6.5.3.Final
2024-11-05 00:28:39 - HHH000026: Second-level cache disabled
2024-11-05 00:28:39 - No LoadTimeWeaver setup: ignoring JPA class transformer
2024-11-05 00:28:39 - HikariPool-1 - Starting...
2024-11-05 00:28:39 - HikariPool-1 - Added connection com.mysql.cj.jdbc.ConnectionImpl@40a28bda
2024-11-05 00:28:39 - HikariPool-1 - Start completed.
2024-11-05 00:28:39 - HHH90000025: MySQLDialect does not need to be specified explicitly using 'hibernate.dialect' (remove the property setting and it will be selected by default)
2024-11-05 00:28:40 - HHH000489: No JTA platform available (set 'hibernate.transaction.jta.platform' to enable JTA platform integration)
2024-11-05 00:28:40 - Initialized JPA EntityManagerFactory for persistence unit 'default'
2024-11-05 00:28:41 - spring.jpa.open-in-view is enabled by default. Therefore, database queries may be performed during view rendering. Explicitly configure spring.jpa.open-in-view to disable this warning
2024-11-05 00:28:41 - Tomcat started on port 8081 (http) with context path '/'
2024-11-05 00:28:41 - Starting...
2024-11-05 00:28:41 - BrokerAvailabilityEvent[available=true, SimpleBrokerMessageHandler [org.springframework.messaging.simp.broker.DefaultSubscriptionRegistry@76dc9569]]
2024-11-05 00:28:41 - Started.
2024-11-05 00:28:41 - Attempting to connect to: [localhost:5672]
2024-11-05 00:28:41 - Created new connection: rabbitConnectionFactory#240e61:0/SimpleConnection@5eabcf77 [delegate=amqp://myuser@127.0.0.1:5672/, localPort=63619]
2024-11-05 00:28:41 - Started ArticleApprovalApplication in 4.093 seconds (process running for 4.649)
2024-11-05 00:28:57 - Initializing Spring DispatcherServlet 'dispatcherServlet'
2024-11-05 00:28:57 - Initializing Servlet 'dispatcherServlet'
2024-11-05 00:28:57 - Completed initialization in 2 ms
2024-11-05 00:28:57 - Received ArticleDto: com.swanhtetaungphyo.article_approval.dto.ArticleDto@5392120b with userId: 1
2024-11-05 00:28:57 - Processing article: com.swanhtetaungphyo.article_approval.dto.ArticleDto@5392120b
2024-11-05 00:28:57 - Sentence detection is completed
2024-11-05 00:28:57 - Tokenization is completed
2024-11-05 00:28:57 - Article processed with condition: com.swanhtetaungphyo.article_approval.utils.ArticleProcessResp@183d3e13
2024-11-05 00:28:57 - Sent article status to WebSocket: com.swanhtetaungphyo.article_approval.utils.ArticleProcessResp@183d3e13
2024-11-05 00:29:41 - WebSocketSession[1 current WS(1)-HttpStream(0)-HttpPoll(0), 2 total, 0 closed abnormally (0 connect failure, 0 send limit, 0 transport error)], stompSubProtocol[processed CONNECT(2)-CONNECTED(2)-DISCONNECT(0)], stompBrokerRelay[null], inboundChannel[pool size = 15, active threads = 0, queued tasks = 0, completed tasks = 15], outboundChannel[pool size = 3, active threads = 0, queued tasks = 0, completed tasks = 3], sockJsScheduler[pool size = 8, active threads = 1, queued tasks = 2, completed tasks = 9]
2024-11-05 00:30:25 - Received ArticleDto: com.swanhtetaungphyo.article_approval.dto.ArticleDto@15987b9d with userId: 1
2024-11-05 00:30:25 - Processing article: com.swanhtetaungphyo.article_approval.dto.ArticleDto@15987b9d
2024-11-05 00:30:25 - Sentence detection is completed
2024-11-05 00:30:25 - Tokenization is completed
2024-11-05 00:30:25 - Article processed with condition: com.swanhtetaungphyo.article_approval.utils.ArticleProcessResp@1e2c90fc
2024-11-05 00:30:25 - Sent article status to WebSocket: com.swanhtetaungphyo.article_approval.utils.ArticleProcessResp@1e2c90fc
2024-11-05 00:32:42 - "Invalid SockJS path '/topic/article-status' - required to have 3 path segments"
2024-11-05 00:37:44 - Stopping...
2024-11-05 00:37:44 - BrokerAvailabilityEvent[available=false, SimpleBrokerMessageHandler [org.springframework.messaging.simp.broker.DefaultSubscriptionRegistry@76dc9569]]
2024-11-05 00:37:44 - Stopped.
2024-11-05 00:37:44 - Waiting for workers to finish.
2024-11-05 00:37:45 - Successfully waited for workers to finish.
2024-11-05 00:37:46 - Closing JPA EntityManagerFactory for persistence unit 'default'
2024-11-05 00:37:46 - HikariPool-1 - Shutdown initiated...
2024-11-05 00:37:46 - HikariPool-1 - Shutdown completed.
2024-11-05 00:37:50 - Starting ArticleApprovalApplication using Java 22.0.1 with PID 54564 (/Users/swanhtetaungphyo/IdeaProjects/Article_approval/target/classes started by swanhtetaungphyo in /Users/swanhtetaungphyo/IdeaProjects/Article_approval)
2024-11-05 00:37:50 - The following 1 profile is active: "dev"
2024-11-05 00:37:51 - Bootstrapping Spring Data JPA repositories in DEFAULT mode.
2024-11-05 00:37:51 - Finished Spring Data repository scanning in 29 ms. Found 2 JPA repository interfaces.
2024-11-05 00:37:51 - Tomcat initialized with port 8081 (http)
2024-11-05 00:37:51 - Starting service [Tomcat]
2024-11-05 00:37:51 - Starting Servlet engine: [Apache Tomcat/10.1.31]
2024-11-05 00:37:51 - Initializing Spring embedded WebApplicationContext
2024-11-05 00:37:51 - Root WebApplicationContext: initialization completed in 944 ms
2024-11-05 00:37:51 - HHH000204: Processing PersistenceUnitInfo [name: default]
2024-11-05 00:37:52 - HHH000412: Hibernate ORM core version 6.5.3.Final
2024-11-05 00:37:52 - HHH000026: Second-level cache disabled
2024-11-05 00:37:52 - No LoadTimeWeaver setup: ignoring JPA class transformer
2024-11-05 00:37:52 - HikariPool-1 - Starting...
2024-11-05 00:37:52 - HikariPool-1 - Added connection com.mysql.cj.jdbc.ConnectionImpl@40a28bda
2024-11-05 00:37:52 - HikariPool-1 - Start completed.
2024-11-05 00:37:52 - HHH90000025: MySQLDialect does not need to be specified explicitly using 'hibernate.dialect' (remove the property setting and it will be selected by default)
2024-11-05 00:37:53 - HHH000489: No JTA platform available (set 'hibernate.transaction.jta.platform' to enable JTA platform integration)
2024-11-05 00:37:53 - Initialized JPA EntityManagerFactory for persistence unit 'default'
2024-11-05 00:37:53 - spring.jpa.open-in-view is enabled by default. Therefore, database queries may be performed during view rendering. Explicitly configure spring.jpa.open-in-view to disable this warning
2024-11-05 00:37:54 - Tomcat started on port 8081 (http) with context path '/'
2024-11-05 00:37:54 - Starting...
2024-11-05 00:37:54 - BrokerAvailabilityEvent[available=true, SimpleBrokerMessageHandler [org.springframework.messaging.simp.broker.DefaultSubscriptionRegistry@76dc9569]]
2024-11-05 00:37:54 - Started.
2024-11-05 00:37:54 - Attempting to connect to: [localhost:5672]
2024-11-05 00:37:54 - Created new connection: rabbitConnectionFactory#240e61:0/SimpleConnection@5eabcf77 [delegate=amqp://myuser@127.0.0.1:5672/, localPort=49609]
2024-11-05 00:37:54 - Started ArticleApprovalApplication in 3.828 seconds (process running for 4.541)
2024-11-05 00:38:00 - Initializing Spring DispatcherServlet 'dispatcherServlet'
2024-11-05 00:38:00 - Initializing Servlet 'dispatcherServlet'
2024-11-05 00:38:00 - Completed initialization in 2 ms
2024-11-05 00:38:00 - Received ArticleDto: com.swanhtetaungphyo.article_approval.dto.ArticleDto@fe1dd12 with userId: 1
2024-11-05 00:38:00 - Processing article: com.swanhtetaungphyo.article_approval.dto.ArticleDto@fe1dd12
2024-11-05 00:38:00 - Sentence detection is completed
2024-11-05 00:38:00 - Tokenization is completed
2024-11-05 00:38:00 - condition : true
2024-11-05 00:38:00 - Article processed with condition: com.swanhtetaungphyo.article_approval.utils.ArticleProcessResp@53f2cad4
2024-11-05 00:38:00 - Sent article status to WebSocket: com.swanhtetaungphyo.article_approval.utils.ArticleProcessResp@53f2cad4
2024-11-05 00:38:42 - Stopping...
2024-11-05 00:38:42 - BrokerAvailabilityEvent[available=false, SimpleBrokerMessageHandler [org.springframework.messaging.simp.broker.DefaultSubscriptionRegistry@76dc9569]]
2024-11-05 00:38:42 - Stopped.
2024-11-05 00:38:42 - Waiting for workers to finish.
2024-11-05 00:38:42 - Successfully waited for workers to finish.
2024-11-05 00:38:43 - Closing JPA EntityManagerFactory for persistence unit 'default'
2024-11-05 00:38:43 - HikariPool-1 - Shutdown initiated...
2024-11-05 00:38:43 - HikariPool-1 - Shutdown completed.
2024-11-05 00:38:47 - Starting ArticleApprovalApplication using Java 22.0.1 with PID 55141 (/Users/swanhtetaungphyo/IdeaProjects/Article_approval/target/classes started by swanhtetaungphyo in /Users/swanhtetaungphyo/IdeaProjects/Article_approval)
2024-11-05 00:38:47 - The following 1 profile is active: "dev"
2024-11-05 00:38:48 - Bootstrapping Spring Data JPA repositories in DEFAULT mode.
2024-11-05 00:38:48 - Finished Spring Data repository scanning in 29 ms. Found 2 JPA repository interfaces.
2024-11-05 00:38:48 - Tomcat initialized with port 8081 (http)
2024-11-05 00:38:48 - Starting service [Tomcat]
2024-11-05 00:38:48 - Starting Servlet engine: [Apache Tomcat/10.1.31]
2024-11-05 00:38:48 - Initializing Spring embedded WebApplicationContext
2024-11-05 00:38:48 - Root WebApplicationContext: initialization completed in 909 ms
2024-11-05 00:38:48 - HHH000204: Processing PersistenceUnitInfo [name: default]
2024-11-05 00:38:49 - HHH000412: Hibernate ORM core version 6.5.3.Final
2024-11-05 00:38:49 - HHH000026: Second-level cache disabled
2024-11-05 00:38:49 - No LoadTimeWeaver setup: ignoring JPA class transformer
2024-11-05 00:38:49 - HikariPool-1 - Starting...
2024-11-05 00:38:49 - HikariPool-1 - Added connection com.mysql.cj.jdbc.ConnectionImpl@592cb470
2024-11-05 00:38:49 - HikariPool-1 - Start completed.
2024-11-05 00:38:49 - HHH90000025: MySQLDialect does not need to be specified explicitly using 'hibernate.dialect' (remove the property setting and it will be selected by default)
2024-11-05 00:38:50 - HHH000489: No JTA platform available (set 'hibernate.transaction.jta.platform' to enable JTA platform integration)
2024-11-05 00:38:50 - Initialized JPA EntityManagerFactory for persistence unit 'default'
2024-11-05 00:38:50 - spring.jpa.open-in-view is enabled by default. Therefore, database queries may be performed during view rendering. Explicitly configure spring.jpa.open-in-view to disable this warning
2024-11-05 00:38:51 - Tomcat started on port 8081 (http) with context path '/'
2024-11-05 00:38:51 - Starting...
2024-11-05 00:38:51 - BrokerAvailabilityEvent[available=true, SimpleBrokerMessageHandler [org.springframework.messaging.simp.broker.DefaultSubscriptionRegistry@35800dea]]
2024-11-05 00:38:51 - Started.
2024-11-05 00:38:51 - Attempting to connect to: [localhost:5672]
2024-11-05 00:38:51 - Created new connection: rabbitConnectionFactory#2027d56f:0/SimpleConnection@647468a7 [delegate=amqp://myuser@127.0.0.1:5672/, localPort=49869]
2024-11-05 00:38:51 - Started ArticleApprovalApplication in 4.174 seconds (process running for 4.657)
2024-11-05 00:38:56 - Initializing Spring DispatcherServlet 'dispatcherServlet'
2024-11-05 00:38:56 - Initializing Servlet 'dispatcherServlet'
2024-11-05 00:38:56 - Completed initialization in 2 ms
2024-11-05 00:38:56 - Received ArticleDto: com.swanhtetaungphyo.article_approval.dto.ArticleDto@6fd0a8f2 with userId: 1
2024-11-05 00:38:56 - Processing article: com.swanhtetaungphyo.article_approval.dto.ArticleDto@6fd0a8f2
2024-11-05 00:38:56 - Sentence detection is completed
2024-11-05 00:38:56 - Tokenization is completed
2024-11-05 00:38:56 - condition : false
2024-11-05 00:38:56 - Article processed with condition: com.swanhtetaungphyo.article_approval.utils.ArticleProcessResp@43710a83
2024-11-05 00:38:56 - Article not approved. Status: REJECTED
2024-11-05 00:38:56 - Sent article status to WebSocket: com.swanhtetaungphyo.article_approval.utils.ArticleProcessResp@43710a83
2024-11-05 00:39:30 - Received ArticleDto: com.swanhtetaungphyo.article_approval.dto.ArticleDto@a2adcee with userId: 1
2024-11-05 00:39:30 - Processing article: com.swanhtetaungphyo.article_approval.dto.ArticleDto@a2adcee
2024-11-05 00:39:30 - Sentence detection is completed
2024-11-05 00:39:30 - Tokenization is completed
2024-11-05 00:39:30 - condition : false
2024-11-05 00:39:30 - Article processed with condition: com.swanhtetaungphyo.article_approval.utils.ArticleProcessResp@3d5fdc0
2024-11-05 00:39:30 - Article not approved. Status: REJECTED
2024-11-05 00:39:30 - Sent article status to WebSocket: com.swanhtetaungphyo.article_approval.utils.ArticleProcessResp@3d5fdc0
2024-11-05 00:39:51 - WebSocketSession[1 current WS(1)-HttpStream(0)-HttpPoll(0), 2 total, 0 closed abnormally (0 connect failure, 0 send limit, 0 transport error)], stompSubProtocol[processed CONNECT(2)-CONNECTED(2)-DISCONNECT(0)], stompBrokerRelay[null], inboundChannel[pool size = 15, active threads = 0, queued tasks = 0, completed tasks = 15], outboundChannel[pool size = 4, active threads = 0, queued tasks = 0, completed tasks = 4], sockJsScheduler[pool size = 8, active threads = 1, queued tasks = 2, completed tasks = 10]
2024-11-05 00:43:35 - Stopping...
2024-11-05 00:43:35 - BrokerAvailabilityEvent[available=false, SimpleBrokerMessageHandler [org.springframework.messaging.simp.broker.DefaultSubscriptionRegistry@35800dea]]
2024-11-05 00:43:35 - Stopped.
2024-11-05 00:43:35 - Waiting for workers to finish.
2024-11-05 00:43:36 - Successfully waited for workers to finish.
2024-11-05 00:43:37 - Closing JPA EntityManagerFactory for persistence unit 'default'
2024-11-05 00:43:37 - HikariPool-1 - Shutdown initiated...
2024-11-05 00:43:37 - HikariPool-1 - Shutdown completed.
